2024-03-10 22:41:36,209 INFO    StreamThr :519071 [internal.py:wandb_internal():86] W&B internal server running at pid: 519071, started at: 2024-03-10 22:41:36.209099
2024-03-10 22:41:36,210 DEBUG   HandlerThread:519071 [handler.py:handle_request():146] handle_request: status
2024-03-10 22:41:36,213 INFO    WriterThread:519071 [datastore.py:open_for_write():87] open: /home/james/Desktop/torchex/movie-users/wandb/run-20240310_224136-dijeyo47/run-dijeyo47.wandb
2024-03-10 22:41:36,213 DEBUG   SenderThread:519071 [sender.py:send():382] send: header
2024-03-10 22:41:36,217 DEBUG   SenderThread:519071 [sender.py:send():382] send: run
2024-03-10 22:41:36,620 INFO    SenderThread:519071 [dir_watcher.py:__init__():211] watching files in: /home/james/Desktop/torchex/movie-users/wandb/run-20240310_224136-dijeyo47/files
2024-03-10 22:41:36,621 INFO    SenderThread:519071 [sender.py:_start_run_threads():1136] run started: dijeyo47 with start time 1710110496.209021
2024-03-10 22:41:36,625 DEBUG   HandlerThread:519071 [handler.py:handle_request():146] handle_request: check_version
2024-03-10 22:41:36,625 DEBUG   SenderThread:519071 [sender.py:send_request():409] send_request: check_version
2024-03-10 22:41:36,754 DEBUG   HandlerThread:519071 [handler.py:handle_request():146] handle_request: run_start
2024-03-10 22:41:36,827 DEBUG   HandlerThread:519071 [system_info.py:__init__():27] System info init
2024-03-10 22:41:36,828 DEBUG   HandlerThread:519071 [system_info.py:__init__():42] System info init done
2024-03-10 22:41:36,828 INFO    HandlerThread:519071 [system_monitor.py:start():194] Starting system monitor
2024-03-10 22:41:36,828 INFO    SystemMonitor:519071 [system_monitor.py:_start():158] Starting system asset monitoring threads
2024-03-10 22:41:36,828 INFO    HandlerThread:519071 [system_monitor.py:probe():214] Collecting system info
2024-03-10 22:41:36,829 INFO    SystemMonitor:519071 [interfaces.py:start():190] Started cpu monitoring
2024-03-10 22:41:36,829 INFO    SystemMonitor:519071 [interfaces.py:start():190] Started disk monitoring
2024-03-10 22:41:36,830 INFO    SystemMonitor:519071 [interfaces.py:start():190] Started gpuamd monitoring
2024-03-10 22:41:36,830 INFO    SystemMonitor:519071 [interfaces.py:start():190] Started memory monitoring
2024-03-10 22:41:36,831 INFO    SystemMonitor:519071 [interfaces.py:start():190] Started network monitoring
2024-03-10 22:41:36,922 WARNING gpuamd    :519071 [gpu_amd.py:parse_stats():73] Could not parse GPU memory allocation as float
2024-03-10 22:41:36,923 WARNING gpuamd    :519071 [gpu_amd.py:parse_stats():77] Could not parse GPU temperature as float
2024-03-10 22:41:36,923 WARNING gpuamd    :519071 [gpu_amd.py:parse_stats():83] Could not parse GPU power as float
2024-03-10 22:41:36,923 WARNING gpuamd    :519071 [gpu_amd.py:parse_stats():91] Could not parse GPU average/max power as float
2024-03-10 22:41:36,929 DEBUG   HandlerThread:519071 [system_info.py:probe():151] Probing system
2024-03-10 22:41:36,931 DEBUG   HandlerThread:519071 [system_info.py:_probe_git():136] Probing git
2024-03-10 22:41:36,936 DEBUG   HandlerThread:519071 [system_info.py:_probe_git():144] Probing git done
2024-03-10 22:41:36,936 DEBUG   HandlerThread:519071 [system_info.py:probe():199] Probing system done
2024-03-10 22:41:36,936 DEBUG   HandlerThread:519071 [system_monitor.py:probe():223] {'os': 'Linux-6.5.0-21-generic-x86_64-with-glibc2.35', 'python': '3.10.12', 'heartbeatAt': '2024-03-10T22:41:36.929181', 'startedAt': '2024-03-10T22:41:36.204599', 'docker': None, 'cuda': None, 'args': (), 'state': 'running', 'program': '<python with no main file>', 'codePathLocal': None, 'git': {'remote': 'https://github.com/jcrich1469/movie-users', 'commit': '74d7fe8af575c32c792ff1eba37ce59b2716dbe2'}, 'email': 'james@mailmash.net', 'root': '/home/james/Desktop/torchex/movie-users', 'host': 'james-XiaoXin-14-ABR8', 'username': 'james', 'executable': '/home/james/Desktop/torchex/movie-users/menv/bin/python', 'cpu_count': 6, 'cpu_count_logical': 12, 'cpu_freq': {'current': 3558.19175, 'min': 400.0, 'max': 4546.0}, 'cpu_freq_per_core': [{'current': 4460.655, 'min': 400.0, 'max': 4546.0}, {'current': 4460.944, 'min': 400.0, 'max': 4546.0}, {'current': 4335.951, 'min': 400.0, 'max': 4546.0}, {'current': 3811.754, 'min': 400.0, 'max': 4546.0}, {'current': 3605.146, 'min': 400.0, 'max': 4546.0}, {'current': 400.0, 'min': 400.0, 'max': 4546.0}, {'current': 4285.989, 'min': 400.0, 'max': 4546.0}, {'current': 4467.241, 'min': 400.0, 'max': 4546.0}, {'current': 3787.723, 'min': 400.0, 'max': 4546.0}, {'current': 3583.313, 'min': 400.0, 'max': 4546.0}, {'current': 3640.254, 'min': 400.0, 'max': 4546.0}, {'current': 4474.484, 'min': 400.0, 'max': 4546.0}], 'disk': {'/': {'total': 468.3729476928711, 'used': 365.9396095275879}}, 'gpu_count': 1, 'gpu_devices': [{'unique_id': 'N/A', 'vbios_version': '113-BARCELO-004', 'performance_level': 'auto', 'gpu_overdrive': '0', 'gpu_memory_overdrive': '0', 'series': 'Barcelo', 'model': '0x3807', 'vendor': 'Advanced Micro Devices, Inc. [AMD/ATI]', 'sku': 'BARCELO'}], 'memory': {'total': 13.493183135986328}}
2024-03-10 22:41:36,936 INFO    HandlerThread:519071 [system_monitor.py:probe():224] Finished collecting system info
2024-03-10 22:41:36,936 INFO    HandlerThread:519071 [system_monitor.py:probe():227] Publishing system info
2024-03-10 22:41:36,936 INFO    HandlerThread:519071 [system_monitor.py:probe():229] Finished publishing system info
2024-03-10 22:41:36,937 DEBUG   SenderThread:519071 [sender.py:send():382] send: files
2024-03-10 22:41:36,937 INFO    SenderThread:519071 [sender.py:_save_file():1403] saving file wandb-metadata.json with policy now
2024-03-10 22:41:36,946 DEBUG   HandlerThread:519071 [handler.py:handle_request():146] handle_request: python_packages
2024-03-10 22:41:36,946 DEBUG   SenderThread:519071 [sender.py:send_request():409] send_request: python_packages
2024-03-10 22:41:36,947 DEBUG   HandlerThread:519071 [handler.py:handle_request():146] handle_request: stop_status
2024-03-10 22:41:36,947 DEBUG   SenderThread:519071 [sender.py:send_request():409] send_request: stop_status
2024-03-10 22:41:36,948 DEBUG   HandlerThread:519071 [handler.py:handle_request():146] handle_request: internal_messages
2024-03-10 22:41:36,949 DEBUG   HandlerThread:519071 [handler.py:handle_request():146] handle_request: pause
2024-03-10 22:41:36,950 INFO    HandlerThread:519071 [handler.py:handle_request_pause():708] stopping system metrics thread
2024-03-10 22:41:36,950 INFO    HandlerThread:519071 [system_monitor.py:finish():203] Stopping system monitor
2024-03-10 22:41:36,950 DEBUG   SystemMonitor:519071 [system_monitor.py:_start():172] Starting system metrics aggregation loop
2024-03-10 22:41:36,950 DEBUG   SystemMonitor:519071 [system_monitor.py:_start():179] Finished system metrics aggregation loop
2024-03-10 22:41:36,950 INFO    HandlerThread:519071 [interfaces.py:finish():202] Joined cpu monitor
2024-03-10 22:41:36,950 DEBUG   SystemMonitor:519071 [system_monitor.py:_start():183] Publishing last batch of metrics
2024-03-10 22:41:36,950 INFO    HandlerThread:519071 [interfaces.py:finish():202] Joined disk monitor
2024-03-10 22:41:36,951 INFO    HandlerThread:519071 [interfaces.py:finish():202] Joined gpuamd monitor
2024-03-10 22:41:36,951 INFO    HandlerThread:519071 [interfaces.py:finish():202] Joined memory monitor
2024-03-10 22:41:36,951 INFO    HandlerThread:519071 [interfaces.py:finish():202] Joined network monitor
2024-03-10 22:41:36,995 DEBUG   HandlerThread:519071 [handler.py:handle_request():146] handle_request: resume
2024-03-10 22:41:36,995 INFO    HandlerThread:519071 [handler.py:handle_request_resume():699] starting system metrics thread
2024-03-10 22:41:36,995 INFO    HandlerThread:519071 [system_monitor.py:start():194] Starting system monitor
2024-03-10 22:41:36,995 INFO    SystemMonitor:519071 [system_monitor.py:_start():158] Starting system asset monitoring threads
2024-03-10 22:41:36,996 INFO    SystemMonitor:519071 [interfaces.py:start():190] Started cpu monitoring
2024-03-10 22:41:36,997 INFO    SystemMonitor:519071 [interfaces.py:start():190] Started disk monitoring
2024-03-10 22:41:36,997 INFO    SystemMonitor:519071 [interfaces.py:start():190] Started gpuamd monitoring
2024-03-10 22:41:36,997 INFO    SystemMonitor:519071 [interfaces.py:start():190] Started memory monitoring
2024-03-10 22:41:36,997 INFO    SystemMonitor:519071 [interfaces.py:start():190] Started network monitoring
2024-03-10 22:41:37,109 WARNING gpuamd    :519071 [gpu_amd.py:parse_stats():73] Could not parse GPU memory allocation as float
2024-03-10 22:41:37,109 WARNING gpuamd    :519071 [gpu_amd.py:parse_stats():77] Could not parse GPU temperature as float
2024-03-10 22:41:37,110 WARNING gpuamd    :519071 [gpu_amd.py:parse_stats():83] Could not parse GPU power as float
2024-03-10 22:41:37,110 WARNING gpuamd    :519071 [gpu_amd.py:parse_stats():91] Could not parse GPU average/max power as float
2024-03-10 22:41:37,274 DEBUG   SenderThread:519071 [sender.py:send():382] send: telemetry
2024-03-10 22:41:37,274 DEBUG   SenderThread:519071 [sender.py:send():382] send: telemetry
2024-03-10 22:41:37,274 DEBUG   SenderThread:519071 [sender.py:send():382] send: stats
2024-03-10 22:41:37,527 INFO    wandb-upload_0:519071 [upload_job.py:push():131] Uploaded file /tmp/tmpmpz1jmlnwandb/d6nhpj99-wandb-metadata.json
2024-03-10 22:41:37,622 INFO    Thread-12 :519071 [dir_watcher.py:_on_file_created():271] file/dir created: /home/james/Desktop/torchex/movie-users/wandb/run-20240310_224136-dijeyo47/files/wandb-metadata.json
2024-03-10 22:41:37,623 INFO    Thread-12 :519071 [dir_watcher.py:_on_file_created():271] file/dir created: /home/james/Desktop/torchex/movie-users/wandb/run-20240310_224136-dijeyo47/files/output.log
2024-03-10 22:41:37,623 INFO    Thread-12 :519071 [dir_watcher.py:_on_file_created():271] file/dir created: /home/james/Desktop/torchex/movie-users/wandb/run-20240310_224136-dijeyo47/files/requirements.txt
2024-03-10 22:41:38,357 DEBUG   HandlerThread:519071 [handler.py:handle_request():146] handle_request: partial_history
2024-03-10 22:41:38,357 DEBUG   SenderThread:519071 [sender.py:send():382] send: history
2024-03-10 22:41:38,358 DEBUG   SenderThread:519071 [sender.py:send_request():409] send_request: summary_record
2024-03-10 22:41:38,358 INFO    SenderThread:519071 [sender.py:_save_file():1403] saving file wandb-summary.json with policy end
2024-03-10 22:41:38,622 INFO    Thread-12 :519071 [dir_watcher.py:_on_file_created():271] file/dir created: /home/james/Desktop/torchex/movie-users/wandb/run-20240310_224136-dijeyo47/files/wandb-summary.json
2024-03-10 22:41:39,283 WARNING gpuamd    :519071 [gpu_amd.py:parse_stats():73] Could not parse GPU memory allocation as float
2024-03-10 22:41:39,283 WARNING gpuamd    :519071 [gpu_amd.py:parse_stats():77] Could not parse GPU temperature as float
2024-03-10 22:41:39,283 WARNING gpuamd    :519071 [gpu_amd.py:parse_stats():83] Could not parse GPU power as float
2024-03-10 22:41:39,283 WARNING gpuamd    :519071 [gpu_amd.py:parse_stats():91] Could not parse GPU average/max power as float
2024-03-10 22:41:39,622 INFO    Thread-12 :519071 [dir_watcher.py:_on_file_modified():288] file/dir modified: /home/james/Desktop/torchex/movie-users/wandb/run-20240310_224136-dijeyo47/files/output.log
2024-03-10 22:41:41,359 DEBUG   HandlerThread:519071 [handler.py:handle_request():146] handle_request: status_report
2024-03-10 22:41:41,374 WARNING gpuamd    :519071 [gpu_amd.py:parse_stats():73] Could not parse GPU memory allocation as float
2024-03-10 22:41:41,374 WARNING gpuamd    :519071 [gpu_amd.py:parse_stats():77] Could not parse GPU temperature as float
2024-03-10 22:41:41,374 WARNING gpuamd    :519071 [gpu_amd.py:parse_stats():83] Could not parse GPU power as float
2024-03-10 22:41:41,374 WARNING gpuamd    :519071 [gpu_amd.py:parse_stats():91] Could not parse GPU average/max power as float
2024-03-10 22:41:41,431 DEBUG   HandlerThread:519071 [handler.py:handle_request():146] handle_request: partial_history
2024-03-10 22:41:41,432 DEBUG   SenderThread:519071 [sender.py:send():382] send: history
2024-03-10 22:41:41,432 DEBUG   SenderThread:519071 [sender.py:send_request():409] send_request: summary_record
2024-03-10 22:41:41,433 DEBUG   HandlerThread:519071 [handler.py:handle_request():146] handle_request: partial_history
2024-03-10 22:41:41,434 INFO    SenderThread:519071 [sender.py:_save_file():1403] saving file wandb-summary.json with policy end
2024-03-10 22:41:41,434 DEBUG   SenderThread:519071 [sender.py:send():382] send: history
2024-03-10 22:41:41,434 DEBUG   SenderThread:519071 [sender.py:send_request():409] send_request: summary_record
2024-03-10 22:41:41,434 INFO    SenderThread:519071 [sender.py:_save_file():1403] saving file wandb-summary.json with policy end
2024-03-10 22:41:41,624 INFO    Thread-12 :519071 [dir_watcher.py:_on_file_modified():288] file/dir modified: /home/james/Desktop/torchex/movie-users/wandb/run-20240310_224136-dijeyo47/files/wandb-summary.json
2024-03-10 22:41:42,492 DEBUG   HandlerThread:519071 [handler.py:handle_request():146] handle_request: partial_history
2024-03-10 22:41:42,492 DEBUG   SenderThread:519071 [sender.py:send():382] send: history
2024-03-10 22:41:42,492 DEBUG   SenderThread:519071 [sender.py:send_request():409] send_request: summary_record
2024-03-10 22:41:42,493 INFO    SenderThread:519071 [sender.py:_save_file():1403] saving file wandb-summary.json with policy end
2024-03-10 22:41:42,624 INFO    Thread-12 :519071 [dir_watcher.py:_on_file_modified():288] file/dir modified: /home/james/Desktop/torchex/movie-users/wandb/run-20240310_224136-dijeyo47/files/wandb-summary.json
2024-03-10 22:41:43,449 WARNING gpuamd    :519071 [gpu_amd.py:parse_stats():73] Could not parse GPU memory allocation as float
2024-03-10 22:41:43,449 WARNING gpuamd    :519071 [gpu_amd.py:parse_stats():77] Could not parse GPU temperature as float
2024-03-10 22:41:43,449 WARNING gpuamd    :519071 [gpu_amd.py:parse_stats():83] Could not parse GPU power as float
2024-03-10 22:41:43,450 WARNING gpuamd    :519071 [gpu_amd.py:parse_stats():91] Could not parse GPU average/max power as float
2024-03-10 22:41:43,624 INFO    Thread-12 :519071 [dir_watcher.py:_on_file_modified():288] file/dir modified: /home/james/Desktop/torchex/movie-users/wandb/run-20240310_224136-dijeyo47/files/output.log
2024-03-10 22:41:44,368 DEBUG   HandlerThread:519071 [handler.py:handle_request():146] handle_request: partial_history
2024-03-10 22:41:44,369 DEBUG   SenderThread:519071 [sender.py:send():382] send: history
2024-03-10 22:41:44,369 DEBUG   SenderThread:519071 [sender.py:send_request():409] send_request: summary_record
2024-03-10 22:41:44,369 DEBUG   HandlerThread:519071 [handler.py:handle_request():146] handle_request: partial_history
2024-03-10 22:41:44,371 INFO    SenderThread:519071 [sender.py:_save_file():1403] saving file wandb-summary.json with policy end
2024-03-10 22:41:44,371 DEBUG   SenderThread:519071 [sender.py:send():382] send: history
2024-03-10 22:41:44,371 DEBUG   SenderThread:519071 [sender.py:send_request():409] send_request: summary_record
2024-03-10 22:41:44,371 INFO    SenderThread:519071 [sender.py:_save_file():1403] saving file wandb-summary.json with policy end
2024-03-10 22:41:44,625 INFO    Thread-12 :519071 [dir_watcher.py:_on_file_modified():288] file/dir modified: /home/james/Desktop/torchex/movie-users/wandb/run-20240310_224136-dijeyo47/files/wandb-summary.json
2024-03-10 22:41:45,326 DEBUG   HandlerThread:519071 [handler.py:handle_request():146] handle_request: partial_history
2024-03-10 22:41:45,327 DEBUG   SenderThread:519071 [sender.py:send():382] send: history
2024-03-10 22:41:45,327 DEBUG   SenderThread:519071 [sender.py:send_request():409] send_request: summary_record
2024-03-10 22:41:45,327 INFO    SenderThread:519071 [sender.py:_save_file():1403] saving file wandb-summary.json with policy end
2024-03-10 22:41:45,529 WARNING gpuamd    :519071 [gpu_amd.py:parse_stats():73] Could not parse GPU memory allocation as float
2024-03-10 22:41:45,529 WARNING gpuamd    :519071 [gpu_amd.py:parse_stats():77] Could not parse GPU temperature as float
2024-03-10 22:41:45,529 WARNING gpuamd    :519071 [gpu_amd.py:parse_stats():83] Could not parse GPU power as float
2024-03-10 22:41:45,529 WARNING gpuamd    :519071 [gpu_amd.py:parse_stats():91] Could not parse GPU average/max power as float
2024-03-10 22:41:45,625 INFO    Thread-12 :519071 [dir_watcher.py:_on_file_modified():288] file/dir modified: /home/james/Desktop/torchex/movie-users/wandb/run-20240310_224136-dijeyo47/files/wandb-summary.json
2024-03-10 22:41:45,625 INFO    Thread-12 :519071 [dir_watcher.py:_on_file_modified():288] file/dir modified: /home/james/Desktop/torchex/movie-users/wandb/run-20240310_224136-dijeyo47/files/output.log
2024-03-10 22:41:47,228 DEBUG   HandlerThread:519071 [handler.py:handle_request():146] handle_request: partial_history
2024-03-10 22:41:47,229 DEBUG   SenderThread:519071 [sender.py:send():382] send: history
2024-03-10 22:41:47,229 DEBUG   SenderThread:519071 [sender.py:send_request():409] send_request: summary_record
2024-03-10 22:41:47,229 DEBUG   HandlerThread:519071 [handler.py:handle_request():146] handle_request: status_report
2024-03-10 22:41:47,229 DEBUG   HandlerThread:519071 [handler.py:handle_request():146] handle_request: partial_history
2024-03-10 22:41:47,231 INFO    SenderThread:519071 [sender.py:_save_file():1403] saving file wandb-summary.json with policy end
2024-03-10 22:41:47,231 DEBUG   SenderThread:519071 [sender.py:send():382] send: history
2024-03-10 22:41:47,231 DEBUG   SenderThread:519071 [sender.py:send_request():409] send_request: summary_record
2024-03-10 22:41:47,231 INFO    SenderThread:519071 [sender.py:_save_file():1403] saving file wandb-summary.json with policy end
2024-03-10 22:41:47,626 INFO    Thread-12 :519071 [dir_watcher.py:_on_file_modified():288] file/dir modified: /home/james/Desktop/torchex/movie-users/wandb/run-20240310_224136-dijeyo47/files/wandb-summary.json
2024-03-10 22:41:47,626 INFO    Thread-12 :519071 [dir_watcher.py:_on_file_modified():288] file/dir modified: /home/james/Desktop/torchex/movie-users/wandb/run-20240310_224136-dijeyo47/files/output.log
2024-03-10 22:41:47,763 WARNING gpuamd    :519071 [gpu_amd.py:parse_stats():73] Could not parse GPU memory allocation as float
2024-03-10 22:41:47,763 WARNING gpuamd    :519071 [gpu_amd.py:parse_stats():77] Could not parse GPU temperature as float
2024-03-10 22:41:47,763 WARNING gpuamd    :519071 [gpu_amd.py:parse_stats():83] Could not parse GPU power as float
2024-03-10 22:41:47,763 WARNING gpuamd    :519071 [gpu_amd.py:parse_stats():91] Could not parse GPU average/max power as float
2024-03-10 22:41:48,134 DEBUG   HandlerThread:519071 [handler.py:handle_request():146] handle_request: partial_history
2024-03-10 22:41:48,134 DEBUG   SenderThread:519071 [sender.py:send():382] send: history
2024-03-10 22:41:48,135 DEBUG   SenderThread:519071 [sender.py:send_request():409] send_request: summary_record
2024-03-10 22:41:48,135 INFO    SenderThread:519071 [sender.py:_save_file():1403] saving file wandb-summary.json with policy end
2024-03-10 22:41:48,626 INFO    Thread-12 :519071 [dir_watcher.py:_on_file_modified():288] file/dir modified: /home/james/Desktop/torchex/movie-users/wandb/run-20240310_224136-dijeyo47/files/wandb-summary.json
2024-03-10 22:41:49,627 INFO    Thread-12 :519071 [dir_watcher.py:_on_file_modified():288] file/dir modified: /home/james/Desktop/torchex/movie-users/wandb/run-20240310_224136-dijeyo47/files/output.log
2024-03-10 22:41:49,843 WARNING gpuamd    :519071 [gpu_amd.py:parse_stats():73] Could not parse GPU memory allocation as float
2024-03-10 22:41:49,844 WARNING gpuamd    :519071 [gpu_amd.py:parse_stats():77] Could not parse GPU temperature as float
2024-03-10 22:41:49,844 WARNING gpuamd    :519071 [gpu_amd.py:parse_stats():83] Could not parse GPU power as float
2024-03-10 22:41:49,844 WARNING gpuamd    :519071 [gpu_amd.py:parse_stats():91] Could not parse GPU average/max power as float
2024-03-10 22:41:49,992 DEBUG   HandlerThread:519071 [handler.py:handle_request():146] handle_request: partial_history
2024-03-10 22:41:49,993 DEBUG   SenderThread:519071 [sender.py:send():382] send: history
2024-03-10 22:41:49,993 DEBUG   SenderThread:519071 [sender.py:send_request():409] send_request: summary_record
2024-03-10 22:41:49,993 DEBUG   HandlerThread:519071 [handler.py:handle_request():146] handle_request: partial_history
2024-03-10 22:41:49,993 INFO    SenderThread:519071 [sender.py:_save_file():1403] saving file wandb-summary.json with policy end
2024-03-10 22:41:49,994 DEBUG   SenderThread:519071 [sender.py:send():382] send: history
2024-03-10 22:41:49,994 DEBUG   SenderThread:519071 [sender.py:send_request():409] send_request: summary_record
2024-03-10 22:41:49,995 INFO    SenderThread:519071 [sender.py:_save_file():1403] saving file wandb-summary.json with policy end
2024-03-10 22:41:50,628 INFO    Thread-12 :519071 [dir_watcher.py:_on_file_modified():288] file/dir modified: /home/james/Desktop/torchex/movie-users/wandb/run-20240310_224136-dijeyo47/files/wandb-summary.json
2024-03-10 22:41:50,893 DEBUG   HandlerThread:519071 [handler.py:handle_request():146] handle_request: partial_history
2024-03-10 22:41:50,894 DEBUG   SenderThread:519071 [sender.py:send():382] send: history
2024-03-10 22:41:50,894 DEBUG   SenderThread:519071 [sender.py:send_request():409] send_request: summary_record
2024-03-10 22:41:50,894 INFO    SenderThread:519071 [sender.py:_save_file():1403] saving file wandb-summary.json with policy end
2024-03-10 22:41:51,628 INFO    Thread-12 :519071 [dir_watcher.py:_on_file_modified():288] file/dir modified: /home/james/Desktop/torchex/movie-users/wandb/run-20240310_224136-dijeyo47/files/wandb-summary.json
2024-03-10 22:41:51,628 INFO    Thread-12 :519071 [dir_watcher.py:_on_file_modified():288] file/dir modified: /home/james/Desktop/torchex/movie-users/wandb/run-20240310_224136-dijeyo47/files/output.log
2024-03-10 22:41:51,927 WARNING gpuamd    :519071 [gpu_amd.py:parse_stats():73] Could not parse GPU memory allocation as float
2024-03-10 22:41:51,927 WARNING gpuamd    :519071 [gpu_amd.py:parse_stats():77] Could not parse GPU temperature as float
2024-03-10 22:41:51,927 WARNING gpuamd    :519071 [gpu_amd.py:parse_stats():83] Could not parse GPU power as float
2024-03-10 22:41:51,927 WARNING gpuamd    :519071 [gpu_amd.py:parse_stats():91] Could not parse GPU average/max power as float
2024-03-10 22:41:51,947 DEBUG   HandlerThread:519071 [handler.py:handle_request():146] handle_request: stop_status
2024-03-10 22:41:51,947 DEBUG   HandlerThread:519071 [handler.py:handle_request():146] handle_request: internal_messages
2024-03-10 22:41:51,947 DEBUG   SenderThread:519071 [sender.py:send_request():409] send_request: stop_status
2024-03-10 22:41:52,724 DEBUG   HandlerThread:519071 [handler.py:handle_request():146] handle_request: partial_history
2024-03-10 22:41:52,725 DEBUG   SenderThread:519071 [sender.py:send():382] send: history
2024-03-10 22:41:52,725 DEBUG   SenderThread:519071 [sender.py:send_request():409] send_request: summary_record
2024-03-10 22:41:52,725 DEBUG   HandlerThread:519071 [handler.py:handle_request():146] handle_request: status_report
2024-03-10 22:41:52,725 INFO    SenderThread:519071 [sender.py:_save_file():1403] saving file wandb-summary.json with policy end
2024-03-10 22:41:52,770 DEBUG   HandlerThread:519071 [handler.py:handle_request():146] handle_request: partial_history
2024-03-10 22:41:52,771 DEBUG   SenderThread:519071 [sender.py:send():382] send: history
2024-03-10 22:41:52,772 DEBUG   SenderThread:519071 [sender.py:send_request():409] send_request: summary_record
2024-03-10 22:41:52,773 INFO    SenderThread:519071 [sender.py:_save_file():1403] saving file wandb-summary.json with policy end
2024-03-10 22:41:53,592 DEBUG   HandlerThread:519071 [handler.py:handle_request():146] handle_request: partial_history
2024-03-10 22:41:53,592 DEBUG   SenderThread:519071 [sender.py:send():382] send: history
2024-03-10 22:41:53,593 DEBUG   SenderThread:519071 [sender.py:send_request():409] send_request: summary_record
2024-03-10 22:41:53,593 INFO    SenderThread:519071 [sender.py:_save_file():1403] saving file wandb-summary.json with policy end
2024-03-10 22:41:53,629 INFO    Thread-12 :519071 [dir_watcher.py:_on_file_modified():288] file/dir modified: /home/james/Desktop/torchex/movie-users/wandb/run-20240310_224136-dijeyo47/files/wandb-summary.json
2024-03-10 22:41:53,629 INFO    Thread-12 :519071 [dir_watcher.py:_on_file_modified():288] file/dir modified: /home/james/Desktop/torchex/movie-users/wandb/run-20240310_224136-dijeyo47/files/output.log
2024-03-10 22:41:54,017 WARNING gpuamd    :519071 [gpu_amd.py:parse_stats():73] Could not parse GPU memory allocation as float
2024-03-10 22:41:54,018 WARNING gpuamd    :519071 [gpu_amd.py:parse_stats():77] Could not parse GPU temperature as float
2024-03-10 22:41:54,018 WARNING gpuamd    :519071 [gpu_amd.py:parse_stats():83] Could not parse GPU power as float
2024-03-10 22:41:54,018 WARNING gpuamd    :519071 [gpu_amd.py:parse_stats():91] Could not parse GPU average/max power as float
2024-03-10 22:41:55,468 DEBUG   HandlerThread:519071 [handler.py:handle_request():146] handle_request: partial_history
2024-03-10 22:41:55,469 DEBUG   SenderThread:519071 [sender.py:send():382] send: history
2024-03-10 22:41:55,469 DEBUG   SenderThread:519071 [sender.py:send_request():409] send_request: summary_record
2024-03-10 22:41:55,469 INFO    SenderThread:519071 [sender.py:_save_file():1403] saving file wandb-summary.json with policy end
2024-03-10 22:41:55,469 DEBUG   HandlerThread:519071 [handler.py:handle_request():146] handle_request: partial_history
2024-03-10 22:41:55,470 DEBUG   SenderThread:519071 [sender.py:send():382] send: history
2024-03-10 22:41:55,470 DEBUG   SenderThread:519071 [sender.py:send_request():409] send_request: summary_record
2024-03-10 22:41:55,471 INFO    SenderThread:519071 [sender.py:_save_file():1403] saving file wandb-summary.json with policy end
2024-03-10 22:41:55,631 INFO    Thread-12 :519071 [dir_watcher.py:_on_file_modified():288] file/dir modified: /home/james/Desktop/torchex/movie-users/wandb/run-20240310_224136-dijeyo47/files/wandb-summary.json
2024-03-10 22:41:55,632 INFO    Thread-12 :519071 [dir_watcher.py:_on_file_modified():288] file/dir modified: /home/james/Desktop/torchex/movie-users/wandb/run-20240310_224136-dijeyo47/files/output.log
2024-03-10 22:41:55,948 DEBUG   HandlerThread:519071 [handler.py:handle_request():146] handle_request: pause
2024-03-10 22:41:55,948 INFO    HandlerThread:519071 [handler.py:handle_request_pause():708] stopping system metrics thread
2024-03-10 22:41:55,948 INFO    HandlerThread:519071 [system_monitor.py:finish():203] Stopping system monitor
2024-03-10 22:41:55,949 DEBUG   SystemMonitor:519071 [system_monitor.py:_start():172] Starting system metrics aggregation loop
2024-03-10 22:41:55,949 DEBUG   SystemMonitor:519071 [system_monitor.py:_start():179] Finished system metrics aggregation loop
2024-03-10 22:41:55,949 DEBUG   SystemMonitor:519071 [system_monitor.py:_start():183] Publishing last batch of metrics
2024-03-10 22:41:55,949 INFO    HandlerThread:519071 [interfaces.py:finish():202] Joined cpu monitor
2024-03-10 22:41:55,949 INFO    HandlerThread:519071 [interfaces.py:finish():202] Joined disk monitor
2024-03-10 22:41:55,949 INFO    HandlerThread:519071 [interfaces.py:finish():202] Joined gpuamd monitor
2024-03-10 22:41:55,949 INFO    HandlerThread:519071 [interfaces.py:finish():202] Joined memory monitor
2024-03-10 22:41:55,950 INFO    HandlerThread:519071 [interfaces.py:finish():202] Joined network monitor
2024-03-10 22:41:55,950 DEBUG   SenderThread:519071 [sender.py:send():382] send: stats
2024-03-10 22:41:57,631 INFO    Thread-12 :519071 [dir_watcher.py:_on_file_modified():288] file/dir modified: /home/james/Desktop/torchex/movie-users/wandb/run-20240310_224136-dijeyo47/files/output.log
2024-03-10 22:41:57,950 DEBUG   HandlerThread:519071 [handler.py:handle_request():146] handle_request: status_report
2024-03-10 22:42:02,951 DEBUG   HandlerThread:519071 [handler.py:handle_request():146] handle_request: status_report
2024-03-10 22:42:06,947 DEBUG   HandlerThread:519071 [handler.py:handle_request():146] handle_request: stop_status
2024-03-10 22:42:06,948 DEBUG   SenderThread:519071 [sender.py:send_request():409] send_request: stop_status
2024-03-10 22:42:06,949 DEBUG   HandlerThread:519071 [handler.py:handle_request():146] handle_request: internal_messages
2024-03-10 22:42:08,554 DEBUG   HandlerThread:519071 [handler.py:handle_request():146] handle_request: status_report
2024-03-10 22:42:09,636 INFO    Thread-12 :519071 [dir_watcher.py:_on_file_modified():288] file/dir modified: /home/james/Desktop/torchex/movie-users/wandb/run-20240310_224136-dijeyo47/files/config.yaml
2024-03-10 22:42:13,695 DEBUG   HandlerThread:519071 [handler.py:handle_request():146] handle_request: status_report
2024-03-10 22:42:18,696 DEBUG   HandlerThread:519071 [handler.py:handle_request():146] handle_request: status_report
2024-03-10 22:42:21,947 DEBUG   HandlerThread:519071 [handler.py:handle_request():146] handle_request: stop_status
2024-03-10 22:42:21,947 DEBUG   SenderThread:519071 [sender.py:send_request():409] send_request: stop_status
2024-03-10 22:42:21,991 DEBUG   HandlerThread:519071 [handler.py:handle_request():146] handle_request: internal_messages
2024-03-10 22:42:24,179 DEBUG   HandlerThread:519071 [handler.py:handle_request():146] handle_request: status_report
2024-03-10 22:42:29,181 DEBUG   HandlerThread:519071 [handler.py:handle_request():146] handle_request: status_report
2024-03-10 22:42:34,182 DEBUG   HandlerThread:519071 [handler.py:handle_request():146] handle_request: status_report
2024-03-10 22:42:36,947 DEBUG   HandlerThread:519071 [handler.py:handle_request():146] handle_request: stop_status
2024-03-10 22:42:36,948 DEBUG   SenderThread:519071 [sender.py:send_request():409] send_request: stop_status
2024-03-10 22:42:36,991 DEBUG   HandlerThread:519071 [handler.py:handle_request():146] handle_request: internal_messages
2024-03-10 22:42:40,167 DEBUG   HandlerThread:519071 [handler.py:handle_request():146] handle_request: status_report
2024-03-10 22:42:45,168 DEBUG   HandlerThread:519071 [handler.py:handle_request():146] handle_request: status_report
2024-03-10 22:42:50,170 DEBUG   HandlerThread:519071 [handler.py:handle_request():146] handle_request: status_report
2024-03-10 22:42:51,948 DEBUG   HandlerThread:519071 [handler.py:handle_request():146] handle_request: stop_status
2024-03-10 22:42:51,948 DEBUG   SenderThread:519071 [sender.py:send_request():409] send_request: stop_status
2024-03-10 22:42:51,994 DEBUG   HandlerThread:519071 [handler.py:handle_request():146] handle_request: internal_messages
2024-03-10 22:42:55,179 DEBUG   HandlerThread:519071 [handler.py:handle_request():146] handle_request: status_report
2024-03-10 22:43:00,181 DEBUG   HandlerThread:519071 [handler.py:handle_request():146] handle_request: status_report
2024-03-10 22:43:05,183 DEBUG   HandlerThread:519071 [handler.py:handle_request():146] handle_request: status_report
2024-03-10 22:43:06,947 DEBUG   HandlerThread:519071 [handler.py:handle_request():146] handle_request: stop_status
2024-03-10 22:43:06,948 DEBUG   SenderThread:519071 [sender.py:send_request():409] send_request: stop_status
2024-03-10 22:43:06,991 DEBUG   HandlerThread:519071 [handler.py:handle_request():146] handle_request: internal_messages
2024-03-10 22:43:11,170 DEBUG   HandlerThread:519071 [handler.py:handle_request():146] handle_request: status_report
2024-03-10 22:43:16,171 DEBUG   HandlerThread:519071 [handler.py:handle_request():146] handle_request: status_report
2024-03-10 22:43:21,173 DEBUG   HandlerThread:519071 [handler.py:handle_request():146] handle_request: status_report
2024-03-10 22:43:21,948 DEBUG   HandlerThread:519071 [handler.py:handle_request():146] handle_request: stop_status
2024-03-10 22:43:21,948 DEBUG   SenderThread:519071 [sender.py:send_request():409] send_request: stop_status
2024-03-10 22:43:21,994 DEBUG   HandlerThread:519071 [handler.py:handle_request():146] handle_request: internal_messages
2024-03-10 22:43:26,195 DEBUG   HandlerThread:519071 [handler.py:handle_request():146] handle_request: status_report
2024-03-10 22:43:36,229 DEBUG   HandlerThread:519071 [handler.py:handle_request():146] handle_request: status_report
2024-03-10 22:43:37,980 DEBUG   HandlerThread:519071 [handler.py:handle_request():146] handle_request: stop_status
2024-03-10 22:43:37,980 DEBUG   SenderThread:519071 [sender.py:send_request():409] send_request: stop_status
2024-03-10 22:43:38,022 DEBUG   HandlerThread:519071 [handler.py:handle_request():146] handle_request: internal_messages
2024-03-10 22:43:42,227 DEBUG   HandlerThread:519071 [handler.py:handle_request():146] handle_request: status_report
2024-03-10 22:43:47,228 DEBUG   HandlerThread:519071 [handler.py:handle_request():146] handle_request: status_report
2024-03-10 22:43:52,230 DEBUG   HandlerThread:519071 [handler.py:handle_request():146] handle_request: status_report
2024-03-10 22:43:52,980 DEBUG   HandlerThread:519071 [handler.py:handle_request():146] handle_request: stop_status
2024-03-10 22:43:52,980 DEBUG   SenderThread:519071 [sender.py:send_request():409] send_request: stop_status
2024-03-10 22:43:53,022 DEBUG   HandlerThread:519071 [handler.py:handle_request():146] handle_request: internal_messages
2024-03-10 22:43:58,172 DEBUG   HandlerThread:519071 [handler.py:handle_request():146] handle_request: status_report
2024-03-10 22:44:03,175 DEBUG   HandlerThread:519071 [handler.py:handle_request():146] handle_request: status_report
2024-03-10 22:44:07,980 DEBUG   HandlerThread:519071 [handler.py:handle_request():146] handle_request: stop_status
2024-03-10 22:44:07,981 DEBUG   SenderThread:519071 [sender.py:send_request():409] send_request: stop_status
2024-03-10 22:44:08,025 DEBUG   HandlerThread:519071 [handler.py:handle_request():146] handle_request: internal_messages
2024-03-10 22:44:09,142 DEBUG   HandlerThread:519071 [handler.py:handle_request():146] handle_request: status_report
2024-03-10 22:44:14,143 DEBUG   HandlerThread:519071 [handler.py:handle_request():146] handle_request: status_report
2024-03-10 22:44:19,146 DEBUG   HandlerThread:519071 [handler.py:handle_request():146] handle_request: status_report
2024-03-10 22:44:22,981 DEBUG   HandlerThread:519071 [handler.py:handle_request():146] handle_request: internal_messages
2024-03-10 22:44:22,981 DEBUG   HandlerThread:519071 [handler.py:handle_request():146] handle_request: stop_status
2024-03-10 22:44:22,982 DEBUG   SenderThread:519071 [sender.py:send_request():409] send_request: stop_status
2024-03-10 22:44:24,238 DEBUG   HandlerThread:519071 [handler.py:handle_request():146] handle_request: status_report
2024-03-10 22:44:29,240 DEBUG   HandlerThread:519071 [handler.py:handle_request():146] handle_request: status_report
2024-03-10 22:44:34,242 DEBUG   HandlerThread:519071 [handler.py:handle_request():146] handle_request: status_report
2024-03-10 22:44:37,981 DEBUG   HandlerThread:519071 [handler.py:handle_request():146] handle_request: stop_status
2024-03-10 22:44:37,982 DEBUG   SenderThread:519071 [sender.py:send_request():409] send_request: stop_status
2024-03-10 22:44:38,022 DEBUG   HandlerThread:519071 [handler.py:handle_request():146] handle_request: internal_messages
2024-03-10 22:44:39,490 DEBUG   HandlerThread:519071 [handler.py:handle_request():146] handle_request: status_report
2024-03-10 22:44:44,491 DEBUG   HandlerThread:519071 [handler.py:handle_request():146] handle_request: status_report
2024-03-10 22:44:49,493 DEBUG   HandlerThread:519071 [handler.py:handle_request():146] handle_request: status_report
2024-03-10 22:44:52,980 DEBUG   HandlerThread:519071 [handler.py:handle_request():146] handle_request: stop_status
2024-03-10 22:44:52,981 DEBUG   SenderThread:519071 [sender.py:send_request():409] send_request: stop_status
2024-03-10 22:44:53,022 DEBUG   HandlerThread:519071 [handler.py:handle_request():146] handle_request: internal_messages
2024-03-10 22:44:55,137 DEBUG   HandlerThread:519071 [handler.py:handle_request():146] handle_request: status_report
2024-03-10 22:45:00,137 DEBUG   HandlerThread:519071 [handler.py:handle_request():146] handle_request: status_report
2024-03-10 22:45:05,138 DEBUG   HandlerThread:519071 [handler.py:handle_request():146] handle_request: status_report
2024-03-10 22:45:07,981 DEBUG   HandlerThread:519071 [handler.py:handle_request():146] handle_request: stop_status
2024-03-10 22:45:07,982 DEBUG   SenderThread:519071 [sender.py:send_request():409] send_request: stop_status
2024-03-10 22:45:08,022 DEBUG   HandlerThread:519071 [handler.py:handle_request():146] handle_request: internal_messages
2024-03-10 22:45:10,549 DEBUG   HandlerThread:519071 [handler.py:handle_request():146] handle_request: status_report
2024-03-10 22:45:15,551 DEBUG   HandlerThread:519071 [handler.py:handle_request():146] handle_request: status_report
2024-03-10 22:45:20,553 DEBUG   HandlerThread:519071 [handler.py:handle_request():146] handle_request: status_report
2024-03-10 22:45:22,981 DEBUG   HandlerThread:519071 [handler.py:handle_request():146] handle_request: stop_status
2024-03-10 22:45:22,982 DEBUG   SenderThread:519071 [sender.py:send_request():409] send_request: stop_status
2024-03-10 22:45:23,022 DEBUG   HandlerThread:519071 [handler.py:handle_request():146] handle_request: internal_messages
2024-03-10 22:45:26,172 DEBUG   HandlerThread:519071 [handler.py:handle_request():146] handle_request: status_report
2024-03-10 22:45:31,174 DEBUG   HandlerThread:519071 [handler.py:handle_request():146] handle_request: status_report
2024-03-10 22:45:36,176 DEBUG   HandlerThread:519071 [handler.py:handle_request():146] handle_request: status_report
2024-03-10 22:45:37,981 DEBUG   HandlerThread:519071 [handler.py:handle_request():146] handle_request: stop_status
2024-03-10 22:45:37,982 DEBUG   SenderThread:519071 [sender.py:send_request():409] send_request: stop_status
2024-03-10 22:45:38,022 DEBUG   HandlerThread:519071 [handler.py:handle_request():146] handle_request: internal_messages
2024-03-10 22:45:41,226 DEBUG   HandlerThread:519071 [handler.py:handle_request():146] handle_request: status_report
2024-03-10 22:45:46,229 DEBUG   HandlerThread:519071 [handler.py:handle_request():146] handle_request: status_report
2024-03-10 22:45:51,230 DEBUG   HandlerThread:519071 [handler.py:handle_request():146] handle_request: status_report
2024-03-10 22:45:52,982 DEBUG   HandlerThread:519071 [handler.py:handle_request():146] handle_request: stop_status
2024-03-10 22:45:52,982 DEBUG   SenderThread:519071 [sender.py:send_request():409] send_request: stop_status
2024-03-10 22:45:53,026 DEBUG   HandlerThread:519071 [handler.py:handle_request():146] handle_request: internal_messages
2024-03-10 22:45:57,180 DEBUG   HandlerThread:519071 [handler.py:handle_request():146] handle_request: status_report
2024-03-10 22:46:02,183 DEBUG   HandlerThread:519071 [handler.py:handle_request():146] handle_request: status_report
2024-03-10 22:46:07,184 DEBUG   HandlerThread:519071 [handler.py:handle_request():146] handle_request: status_report
2024-03-10 22:46:07,982 DEBUG   HandlerThread:519071 [handler.py:handle_request():146] handle_request: stop_status
2024-03-10 22:46:07,983 DEBUG   SenderThread:519071 [sender.py:send_request():409] send_request: stop_status
2024-03-10 22:46:08,026 DEBUG   HandlerThread:519071 [handler.py:handle_request():146] handle_request: internal_messages
2024-03-10 22:46:12,212 DEBUG   HandlerThread:519071 [handler.py:handle_request():146] handle_request: status_report
2024-03-10 22:46:17,213 DEBUG   HandlerThread:519071 [handler.py:handle_request():146] handle_request: status_report
2024-03-10 22:46:22,215 DEBUG   HandlerThread:519071 [handler.py:handle_request():146] handle_request: status_report
2024-03-10 22:46:22,982 DEBUG   HandlerThread:519071 [handler.py:handle_request():146] handle_request: stop_status
2024-03-10 22:46:22,983 DEBUG   SenderThread:519071 [sender.py:send_request():409] send_request: stop_status
2024-03-10 22:46:23,026 DEBUG   HandlerThread:519071 [handler.py:handle_request():146] handle_request: internal_messages
2024-03-10 22:46:28,163 DEBUG   HandlerThread:519071 [handler.py:handle_request():146] handle_request: status_report
2024-03-10 22:46:33,163 DEBUG   HandlerThread:519071 [handler.py:handle_request():146] handle_request: status_report
2024-03-10 22:46:37,982 DEBUG   HandlerThread:519071 [handler.py:handle_request():146] handle_request: stop_status
2024-03-10 22:46:37,982 DEBUG   SenderThread:519071 [sender.py:send_request():409] send_request: stop_status
2024-03-10 22:46:38,025 DEBUG   HandlerThread:519071 [handler.py:handle_request():146] handle_request: internal_messages
2024-03-10 22:46:38,217 DEBUG   HandlerThread:519071 [handler.py:handle_request():146] handle_request: status_report
2024-03-10 22:46:43,218 DEBUG   HandlerThread:519071 [handler.py:handle_request():146] handle_request: status_report
2024-03-10 22:46:48,219 DEBUG   HandlerThread:519071 [handler.py:handle_request():146] handle_request: status_report
2024-03-10 22:46:52,982 DEBUG   HandlerThread:519071 [handler.py:handle_request():146] handle_request: stop_status
2024-03-10 22:46:52,983 DEBUG   SenderThread:519071 [sender.py:send_request():409] send_request: stop_status
2024-03-10 22:46:53,030 DEBUG   HandlerThread:519071 [handler.py:handle_request():146] handle_request: internal_messages
2024-03-10 22:46:54,210 DEBUG   HandlerThread:519071 [handler.py:handle_request():146] handle_request: status_report
2024-03-10 22:46:59,211 DEBUG   HandlerThread:519071 [handler.py:handle_request():146] handle_request: status_report
2024-03-10 22:47:04,212 DEBUG   HandlerThread:519071 [handler.py:handle_request():146] handle_request: status_report
2024-03-10 22:47:07,982 DEBUG   HandlerThread:519071 [handler.py:handle_request():146] handle_request: stop_status
2024-03-10 22:47:07,982 DEBUG   SenderThread:519071 [sender.py:send_request():409] send_request: stop_status
2024-03-10 22:47:08,025 DEBUG   HandlerThread:519071 [handler.py:handle_request():146] handle_request: internal_messages
2024-03-10 22:47:10,170 DEBUG   HandlerThread:519071 [handler.py:handle_request():146] handle_request: status_report
2024-03-10 22:47:15,171 DEBUG   HandlerThread:519071 [handler.py:handle_request():146] handle_request: status_report
2024-03-10 22:47:20,172 DEBUG   HandlerThread:519071 [handler.py:handle_request():146] handle_request: status_report
2024-03-10 22:47:22,982 DEBUG   HandlerThread:519071 [handler.py:handle_request():146] handle_request: stop_status
2024-03-10 22:47:22,983 DEBUG   SenderThread:519071 [sender.py:send_request():409] send_request: stop_status
2024-03-10 22:47:23,030 DEBUG   HandlerThread:519071 [handler.py:handle_request():146] handle_request: internal_messages
2024-03-10 22:47:26,140 DEBUG   HandlerThread:519071 [handler.py:handle_request():146] handle_request: status_report
2024-03-10 22:47:31,141 DEBUG   HandlerThread:519071 [handler.py:handle_request():146] handle_request: status_report
2024-03-10 22:47:36,142 DEBUG   HandlerThread:519071 [handler.py:handle_request():146] handle_request: status_report
2024-03-10 22:47:37,983 DEBUG   HandlerThread:519071 [handler.py:handle_request():146] handle_request: stop_status
2024-03-10 22:47:37,984 DEBUG   SenderThread:519071 [sender.py:send_request():409] send_request: stop_status
2024-03-10 22:47:38,030 DEBUG   HandlerThread:519071 [handler.py:handle_request():146] handle_request: internal_messages
2024-03-10 22:47:41,221 DEBUG   HandlerThread:519071 [handler.py:handle_request():146] handle_request: status_report
2024-03-10 22:47:46,222 DEBUG   HandlerThread:519071 [handler.py:handle_request():146] handle_request: status_report
2024-03-10 22:47:51,223 DEBUG   HandlerThread:519071 [handler.py:handle_request():146] handle_request: status_report
2024-03-10 22:47:52,983 DEBUG   HandlerThread:519071 [handler.py:handle_request():146] handle_request: stop_status
2024-03-10 22:47:52,983 DEBUG   SenderThread:519071 [sender.py:send_request():409] send_request: stop_status
2024-03-10 22:47:53,026 DEBUG   HandlerThread:519071 [handler.py:handle_request():146] handle_request: internal_messages
2024-03-10 22:47:57,208 DEBUG   HandlerThread:519071 [handler.py:handle_request():146] handle_request: status_report
2024-03-10 22:48:02,209 DEBUG   HandlerThread:519071 [handler.py:handle_request():146] handle_request: status_report
2024-03-10 22:48:07,211 DEBUG   HandlerThread:519071 [handler.py:handle_request():146] handle_request: status_report
2024-03-10 22:48:07,983 DEBUG   HandlerThread:519071 [handler.py:handle_request():146] handle_request: stop_status
2024-03-10 22:48:07,984 DEBUG   SenderThread:519071 [sender.py:send_request():409] send_request: stop_status
2024-03-10 22:48:08,026 DEBUG   HandlerThread:519071 [handler.py:handle_request():146] handle_request: internal_messages
2024-03-10 22:48:12,541 DEBUG   HandlerThread:519071 [handler.py:handle_request():146] handle_request: status_report
2024-03-10 22:48:17,542 DEBUG   HandlerThread:519071 [handler.py:handle_request():146] handle_request: status_report
2024-03-10 22:48:22,543 DEBUG   HandlerThread:519071 [handler.py:handle_request():146] handle_request: status_report
2024-03-10 22:48:22,983 DEBUG   HandlerThread:519071 [handler.py:handle_request():146] handle_request: stop_status
2024-03-10 22:48:22,984 DEBUG   SenderThread:519071 [sender.py:send_request():409] send_request: stop_status
2024-03-10 22:48:23,026 DEBUG   HandlerThread:519071 [handler.py:handle_request():146] handle_request: internal_messages
2024-03-10 22:48:28,225 DEBUG   HandlerThread:519071 [handler.py:handle_request():146] handle_request: status_report
2024-03-10 22:48:33,226 DEBUG   HandlerThread:519071 [handler.py:handle_request():146] handle_request: status_report
2024-03-10 22:48:37,983 DEBUG   HandlerThread:519071 [handler.py:handle_request():146] handle_request: stop_status
2024-03-10 22:48:37,984 DEBUG   SenderThread:519071 [sender.py:send_request():409] send_request: stop_status
2024-03-10 22:48:38,030 DEBUG   HandlerThread:519071 [handler.py:handle_request():146] handle_request: internal_messages
2024-03-10 22:48:39,214 DEBUG   HandlerThread:519071 [handler.py:handle_request():146] handle_request: status_report
2024-03-10 22:48:44,216 DEBUG   HandlerThread:519071 [handler.py:handle_request():146] handle_request: status_report
2024-03-10 22:48:48,204 DEBUG   SenderThread:519071 [sender.py:send():382] send: exit
2024-03-10 22:48:48,204 INFO    SenderThread:519071 [sender.py:send_exit():589] handling exit code: 0
2024-03-10 22:48:48,204 INFO    SenderThread:519071 [sender.py:send_exit():591] handling runtime: 19
2024-03-10 22:48:48,205 INFO    SenderThread:519071 [sender.py:_save_file():1403] saving file wandb-summary.json with policy end
2024-03-10 22:48:48,205 INFO    SenderThread:519071 [sender.py:send_exit():597] send defer
2024-03-10 22:48:48,205 DEBUG   HandlerThread:519071 [handler.py:handle_request():146] handle_request: defer
2024-03-10 22:48:48,206 INFO    HandlerThread:519071 [handler.py:handle_request_defer():172] handle defer: 0
2024-03-10 22:48:48,206 DEBUG   SenderThread:519071 [sender.py:send_request():409] send_request: defer
2024-03-10 22:48:48,206 INFO    SenderThread:519071 [sender.py:send_request_defer():613] handle sender defer: 0
2024-03-10 22:48:48,206 INFO    SenderThread:519071 [sender.py:transition_state():617] send defer: 1
2024-03-10 22:48:48,206 DEBUG   HandlerThread:519071 [handler.py:handle_request():146] handle_request: defer
2024-03-10 22:48:48,206 INFO    HandlerThread:519071 [handler.py:handle_request_defer():172] handle defer: 1
2024-03-10 22:48:48,206 DEBUG   SenderThread:519071 [sender.py:send_request():409] send_request: defer
2024-03-10 22:48:48,206 INFO    SenderThread:519071 [sender.py:send_request_defer():613] handle sender defer: 1
2024-03-10 22:48:48,206 INFO    SenderThread:519071 [sender.py:transition_state():617] send defer: 2
2024-03-10 22:48:48,206 DEBUG   HandlerThread:519071 [handler.py:handle_request():146] handle_request: defer
2024-03-10 22:48:48,206 INFO    HandlerThread:519071 [handler.py:handle_request_defer():172] handle defer: 2
2024-03-10 22:48:48,206 DEBUG   SenderThread:519071 [sender.py:send_request():409] send_request: defer
2024-03-10 22:48:48,206 INFO    SenderThread:519071 [sender.py:send_request_defer():613] handle sender defer: 2
2024-03-10 22:48:48,206 INFO    SenderThread:519071 [sender.py:transition_state():617] send defer: 3
2024-03-10 22:48:48,206 DEBUG   HandlerThread:519071 [handler.py:handle_request():146] handle_request: defer
2024-03-10 22:48:48,207 INFO    HandlerThread:519071 [handler.py:handle_request_defer():172] handle defer: 3
2024-03-10 22:48:48,207 DEBUG   SenderThread:519071 [sender.py:send_request():409] send_request: defer
2024-03-10 22:48:48,207 INFO    SenderThread:519071 [sender.py:send_request_defer():613] handle sender defer: 3
2024-03-10 22:48:48,207 INFO    SenderThread:519071 [sender.py:transition_state():617] send defer: 4
2024-03-10 22:48:48,207 DEBUG   HandlerThread:519071 [handler.py:handle_request():146] handle_request: defer
2024-03-10 22:48:48,207 INFO    HandlerThread:519071 [handler.py:handle_request_defer():172] handle defer: 4
2024-03-10 22:48:48,207 DEBUG   SenderThread:519071 [sender.py:send_request():409] send_request: defer
2024-03-10 22:48:48,207 INFO    SenderThread:519071 [sender.py:send_request_defer():613] handle sender defer: 4
2024-03-10 22:48:48,207 INFO    SenderThread:519071 [sender.py:transition_state():617] send defer: 5
2024-03-10 22:48:48,207 DEBUG   HandlerThread:519071 [handler.py:handle_request():146] handle_request: defer
2024-03-10 22:48:48,207 INFO    HandlerThread:519071 [handler.py:handle_request_defer():172] handle defer: 5
2024-03-10 22:48:48,207 DEBUG   SenderThread:519071 [sender.py:send():382] send: summary
2024-03-10 22:48:48,214 INFO    SenderThread:519071 [sender.py:_save_file():1403] saving file wandb-summary.json with policy end
2024-03-10 22:48:48,214 DEBUG   SenderThread:519071 [sender.py:send_request():409] send_request: defer
2024-03-10 22:48:48,215 INFO    SenderThread:519071 [sender.py:send_request_defer():613] handle sender defer: 5
2024-03-10 22:48:48,215 INFO    SenderThread:519071 [sender.py:transition_state():617] send defer: 6
2024-03-10 22:48:48,215 DEBUG   HandlerThread:519071 [handler.py:handle_request():146] handle_request: defer
2024-03-10 22:48:48,215 INFO    HandlerThread:519071 [handler.py:handle_request_defer():172] handle defer: 6
2024-03-10 22:48:48,216 DEBUG   SenderThread:519071 [sender.py:send_request():409] send_request: defer
2024-03-10 22:48:48,216 INFO    SenderThread:519071 [sender.py:send_request_defer():613] handle sender defer: 6
2024-03-10 22:48:48,216 INFO    SenderThread:519071 [sender.py:transition_state():617] send defer: 7
2024-03-10 22:48:48,216 DEBUG   HandlerThread:519071 [handler.py:handle_request():146] handle_request: status_report
2024-03-10 22:48:48,216 DEBUG   HandlerThread:519071 [handler.py:handle_request():146] handle_request: defer
2024-03-10 22:48:48,216 INFO    HandlerThread:519071 [handler.py:handle_request_defer():172] handle defer: 7
2024-03-10 22:48:48,216 DEBUG   SenderThread:519071 [sender.py:send_request():409] send_request: defer
2024-03-10 22:48:48,216 INFO    SenderThread:519071 [sender.py:send_request_defer():613] handle sender defer: 7
2024-03-10 22:48:48,327 ERROR   FileStreamThread:519071 [file_stream.py:_handle_response():504] dropped chunk 404 Client Error: Not Found for url: https://api.wandb.ai/files/jcrich/collaborative%20filter%20model/dijeyo47/file_stream
NoneType: None
2024-03-10 22:48:48,787 INFO    SenderThread:519071 [sender.py:transition_state():617] send defer: 8
2024-03-10 22:48:48,787 DEBUG   HandlerThread:519071 [handler.py:handle_request():146] handle_request: defer
2024-03-10 22:48:48,788 INFO    HandlerThread:519071 [handler.py:handle_request_defer():172] handle defer: 8
2024-03-10 22:48:48,788 DEBUG   SenderThread:519071 [sender.py:send_request():409] send_request: defer
2024-03-10 22:48:48,788 INFO    SenderThread:519071 [sender.py:send_request_defer():613] handle sender defer: 8
2024-03-10 22:48:48,788 INFO    SenderThread:519071 [job_builder.py:build():296] Attempting to build job artifact
2024-03-10 22:48:48,789 INFO    SenderThread:519071 [job_builder.py:_get_source_type():426] is repo sourced job
2024-03-10 22:48:48,789 INFO    SenderThread:519071 [job_builder.py:_get_program_relpath():444] run is notebook based run
2024-03-10 22:48:48,789 INFO    SenderThread:519071 [sender.py:transition_state():617] send defer: 9
2024-03-10 22:48:48,789 DEBUG   HandlerThread:519071 [handler.py:handle_request():146] handle_request: defer
2024-03-10 22:48:48,789 INFO    HandlerThread:519071 [handler.py:handle_request_defer():172] handle defer: 9
2024-03-10 22:48:48,789 DEBUG   SenderThread:519071 [sender.py:send_request():409] send_request: defer
2024-03-10 22:48:48,789 INFO    SenderThread:519071 [sender.py:send_request_defer():613] handle sender defer: 9
2024-03-10 22:48:48,789 INFO    SenderThread:519071 [dir_watcher.py:finish():358] shutting down directory watcher
2024-03-10 22:48:48,873 INFO    Thread-12 :519071 [dir_watcher.py:_on_file_modified():288] file/dir modified: /home/james/Desktop/torchex/movie-users/wandb/run-20240310_224136-dijeyo47/files/wandb-summary.json
2024-03-10 22:48:48,874 INFO    SenderThread:519071 [dir_watcher.py:_on_file_modified():288] file/dir modified: /home/james/Desktop/torchex/movie-users/wandb/run-20240310_224136-dijeyo47/files/output.log
2024-03-10 22:48:48,874 INFO    SenderThread:519071 [dir_watcher.py:finish():388] scan: /home/james/Desktop/torchex/movie-users/wandb/run-20240310_224136-dijeyo47/files
2024-03-10 22:48:48,875 INFO    SenderThread:519071 [dir_watcher.py:finish():402] scan save: /home/james/Desktop/torchex/movie-users/wandb/run-20240310_224136-dijeyo47/files/output.log output.log
2024-03-10 22:48:48,875 INFO    SenderThread:519071 [dir_watcher.py:finish():402] scan save: /home/james/Desktop/torchex/movie-users/wandb/run-20240310_224136-dijeyo47/files/wandb-summary.json wandb-summary.json
2024-03-10 22:48:48,875 INFO    SenderThread:519071 [dir_watcher.py:finish():402] scan save: /home/james/Desktop/torchex/movie-users/wandb/run-20240310_224136-dijeyo47/files/config.yaml config.yaml
2024-03-10 22:48:48,875 INFO    SenderThread:519071 [dir_watcher.py:finish():402] scan save: /home/james/Desktop/torchex/movie-users/wandb/run-20240310_224136-dijeyo47/files/wandb-metadata.json wandb-metadata.json
2024-03-10 22:48:48,875 INFO    SenderThread:519071 [dir_watcher.py:finish():402] scan save: /home/james/Desktop/torchex/movie-users/wandb/run-20240310_224136-dijeyo47/files/requirements.txt requirements.txt
2024-03-10 22:48:48,875 INFO    SenderThread:519071 [sender.py:transition_state():617] send defer: 10
2024-03-10 22:48:48,875 DEBUG   HandlerThread:519071 [handler.py:handle_request():146] handle_request: defer
2024-03-10 22:48:48,875 INFO    HandlerThread:519071 [handler.py:handle_request_defer():172] handle defer: 10
2024-03-10 22:48:48,879 DEBUG   SenderThread:519071 [sender.py:send_request():409] send_request: defer
2024-03-10 22:48:48,879 INFO    SenderThread:519071 [sender.py:send_request_defer():613] handle sender defer: 10
2024-03-10 22:48:48,879 INFO    SenderThread:519071 [file_pusher.py:finish():172] shutting down file pusher
2024-03-10 22:48:49,000 ERROR   wandb-upload_0:519071 [internal_api.py:execute():373] 404 response executing GraphQL.
2024-03-10 22:48:49,000 ERROR   wandb-upload_0:519071 [internal_api.py:execute():374] {"errors":[{"message":"run collaborative filter model/dijeyo47 not found during createRunFiles","path":["createRunFiles"]}],"data":{"createRunFiles":null}}
2024-03-10 22:48:49,001 ERROR   Thread-11 (_thread_body):519071 [step_upload.py:_handle_event():200] Failed to upload file: /home/james/Desktop/torchex/movie-users/wandb/run-20240310_224136-dijeyo47/files/wandb-summary.json
Traceback (most recent call last):
  File "/home/james/Desktop/torchex/movie-users/menv/lib/python3.10/site-packages/wandb/sdk/lib/retry.py", line 131, in __call__
    result = self._call_fn(*args, **kwargs)
  File "/home/james/Desktop/torchex/movie-users/menv/lib/python3.10/site-packages/wandb/sdk/internal/internal_api.py", line 369, in execute
    return self.client.execute(*args, **kwargs)  # type: ignore
  File "/home/james/Desktop/torchex/movie-users/menv/lib/python3.10/site-packages/wandb/vendor/gql-0.2.0/wandb_gql/client.py", line 52, in execute
    result = self._get_result(document, *args, **kwargs)
  File "/home/james/Desktop/torchex/movie-users/menv/lib/python3.10/site-packages/wandb/vendor/gql-0.2.0/wandb_gql/client.py", line 60, in _get_result
    return self.transport.execute(document, *args, **kwargs)
  File "/home/james/Desktop/torchex/movie-users/menv/lib/python3.10/site-packages/wandb/sdk/lib/gql_request.py", line 59, in execute
    request.raise_for_status()
  File "/home/james/Desktop/torchex/movie-users/menv/lib/python3.10/site-packages/requests/models.py", line 1021, in raise_for_status
    raise HTTPError(http_error_msg, response=self)
requests.exceptions.HTTPError: 404 Client Error: Not Found for url: https://api.wandb.ai/graphql

During handling of the above exception, another exception occurred:

Traceback (most recent call last):
  File "/usr/lib/python3.10/concurrent/futures/thread.py", line 58, in run
    result = self.fn(*self.args, **self.kwargs)
  File "/home/james/Desktop/torchex/movie-users/menv/lib/python3.10/site-packages/wandb/filesync/step_upload.py", line 288, in run_and_notify
    self._do_upload_sync(event)
  File "/home/james/Desktop/torchex/movie-users/menv/lib/python3.10/site-packages/wandb/filesync/step_upload.py", line 330, in _do_upload_sync
    job.run()
  File "/home/james/Desktop/torchex/movie-users/menv/lib/python3.10/site-packages/wandb/filesync/upload_job.py", line 57, in run
    self.push()
  File "/home/james/Desktop/torchex/movie-users/menv/lib/python3.10/site-packages/wandb/filesync/upload_job.py", line 106, in push
    _, upload_headers, result = self._api.upload_urls(project, [self.save_name])
  File "/home/james/Desktop/torchex/movie-users/menv/lib/python3.10/site-packages/wandb/apis/normalize.py", line 73, in wrapper
    raise err
  File "/home/james/Desktop/torchex/movie-users/menv/lib/python3.10/site-packages/wandb/apis/normalize.py", line 41, in wrapper
    return func(*args, **kwargs)
  File "/home/james/Desktop/torchex/movie-users/menv/lib/python3.10/site-packages/wandb/sdk/internal/internal_api.py", line 2384, in upload_urls
    query_result = self.gql(
  File "/home/james/Desktop/torchex/movie-users/menv/lib/python3.10/site-packages/wandb/sdk/internal/internal_api.py", line 341, in gql
    ret = self._retry_gql(
  File "/home/james/Desktop/torchex/movie-users/menv/lib/python3.10/site-packages/wandb/sdk/lib/retry.py", line 147, in __call__
    retry_timedelta_triggered = check_retry_fn(e)
  File "/home/james/Desktop/torchex/movie-users/menv/lib/python3.10/site-packages/wandb/util.py", line 907, in no_retry_auth
    raise CommError(
wandb.errors.CommError: It appears that you do not have permission to access the requested resource. Please reach out to the project owner to grant you access. If you have the correct permissions, verify that there are no issues with your networking setup.(Error 404: Not Found)
2024-03-10 22:48:49,089 ERROR   wandb-upload_3:519071 [internal_api.py:execute():373] 404 response executing GraphQL.
2024-03-10 22:48:49,089 ERROR   wandb-upload_3:519071 [internal_api.py:execute():374] {"errors":[{"message":"run collaborative filter model/dijeyo47 not found during createRunFiles","path":["createRunFiles"]}],"data":{"createRunFiles":null}}
2024-03-10 22:48:49,089 ERROR   Thread-11 (_thread_body):519071 [step_upload.py:_handle_event():200] Failed to upload file: /home/james/Desktop/torchex/movie-users/wandb/run-20240310_224136-dijeyo47/files/requirements.txt
Traceback (most recent call last):
  File "/home/james/Desktop/torchex/movie-users/menv/lib/python3.10/site-packages/wandb/sdk/lib/retry.py", line 131, in __call__
    result = self._call_fn(*args, **kwargs)
  File "/home/james/Desktop/torchex/movie-users/menv/lib/python3.10/site-packages/wandb/sdk/internal/internal_api.py", line 369, in execute
    return self.client.execute(*args, **kwargs)  # type: ignore
  File "/home/james/Desktop/torchex/movie-users/menv/lib/python3.10/site-packages/wandb/vendor/gql-0.2.0/wandb_gql/client.py", line 52, in execute
    result = self._get_result(document, *args, **kwargs)
  File "/home/james/Desktop/torchex/movie-users/menv/lib/python3.10/site-packages/wandb/vendor/gql-0.2.0/wandb_gql/client.py", line 60, in _get_result
    return self.transport.execute(document, *args, **kwargs)
  File "/home/james/Desktop/torchex/movie-users/menv/lib/python3.10/site-packages/wandb/sdk/lib/gql_request.py", line 59, in execute
    request.raise_for_status()
  File "/home/james/Desktop/torchex/movie-users/menv/lib/python3.10/site-packages/requests/models.py", line 1021, in raise_for_status
    raise HTTPError(http_error_msg, response=self)
requests.exceptions.HTTPError: 404 Client Error: Not Found for url: https://api.wandb.ai/graphql

During handling of the above exception, another exception occurred:

Traceback (most recent call last):
  File "/usr/lib/python3.10/concurrent/futures/thread.py", line 58, in run
    result = self.fn(*self.args, **self.kwargs)
  File "/home/james/Desktop/torchex/movie-users/menv/lib/python3.10/site-packages/wandb/filesync/step_upload.py", line 288, in run_and_notify
    self._do_upload_sync(event)
  File "/home/james/Desktop/torchex/movie-users/menv/lib/python3.10/site-packages/wandb/filesync/step_upload.py", line 330, in _do_upload_sync
    job.run()
  File "/home/james/Desktop/torchex/movie-users/menv/lib/python3.10/site-packages/wandb/filesync/upload_job.py", line 57, in run
    self.push()
  File "/home/james/Desktop/torchex/movie-users/menv/lib/python3.10/site-packages/wandb/filesync/upload_job.py", line 106, in push
    _, upload_headers, result = self._api.upload_urls(project, [self.save_name])
  File "/home/james/Desktop/torchex/movie-users/menv/lib/python3.10/site-packages/wandb/apis/normalize.py", line 73, in wrapper
    raise err
  File "/home/james/Desktop/torchex/movie-users/menv/lib/python3.10/site-packages/wandb/apis/normalize.py", line 41, in wrapper
    return func(*args, **kwargs)
  File "/home/james/Desktop/torchex/movie-users/menv/lib/python3.10/site-packages/wandb/sdk/internal/internal_api.py", line 2384, in upload_urls
    query_result = self.gql(
  File "/home/james/Desktop/torchex/movie-users/menv/lib/python3.10/site-packages/wandb/sdk/internal/internal_api.py", line 341, in gql
    ret = self._retry_gql(
  File "/home/james/Desktop/torchex/movie-users/menv/lib/python3.10/site-packages/wandb/sdk/lib/retry.py", line 147, in __call__
    retry_timedelta_triggered = check_retry_fn(e)
  File "/home/james/Desktop/torchex/movie-users/menv/lib/python3.10/site-packages/wandb/util.py", line 907, in no_retry_auth
    raise CommError(
wandb.errors.CommError: It appears that you do not have permission to access the requested resource. Please reach out to the project owner to grant you access. If you have the correct permissions, verify that there are no issues with your networking setup.(Error 404: Not Found)
2024-03-10 22:48:49,090 ERROR   wandb-upload_2:519071 [internal_api.py:execute():373] 404 response executing GraphQL.
2024-03-10 22:48:49,090 ERROR   wandb-upload_2:519071 [internal_api.py:execute():374] {"errors":[{"message":"run collaborative filter model/dijeyo47 not found during createRunFiles","path":["createRunFiles"]}],"data":{"createRunFiles":null}}
2024-03-10 22:48:49,090 ERROR   Thread-11 (_thread_body):519071 [step_upload.py:_handle_event():200] Failed to upload file: /home/james/Desktop/torchex/movie-users/wandb/run-20240310_224136-dijeyo47/files/config.yaml
Traceback (most recent call last):
  File "/home/james/Desktop/torchex/movie-users/menv/lib/python3.10/site-packages/wandb/sdk/lib/retry.py", line 131, in __call__
    result = self._call_fn(*args, **kwargs)
  File "/home/james/Desktop/torchex/movie-users/menv/lib/python3.10/site-packages/wandb/sdk/internal/internal_api.py", line 369, in execute
    return self.client.execute(*args, **kwargs)  # type: ignore
  File "/home/james/Desktop/torchex/movie-users/menv/lib/python3.10/site-packages/wandb/vendor/gql-0.2.0/wandb_gql/client.py", line 52, in execute
    result = self._get_result(document, *args, **kwargs)
  File "/home/james/Desktop/torchex/movie-users/menv/lib/python3.10/site-packages/wandb/vendor/gql-0.2.0/wandb_gql/client.py", line 60, in _get_result
    return self.transport.execute(document, *args, **kwargs)
  File "/home/james/Desktop/torchex/movie-users/menv/lib/python3.10/site-packages/wandb/sdk/lib/gql_request.py", line 59, in execute
    request.raise_for_status()
  File "/home/james/Desktop/torchex/movie-users/menv/lib/python3.10/site-packages/requests/models.py", line 1021, in raise_for_status
    raise HTTPError(http_error_msg, response=self)
requests.exceptions.HTTPError: 404 Client Error: Not Found for url: https://api.wandb.ai/graphql

During handling of the above exception, another exception occurred:

Traceback (most recent call last):
  File "/usr/lib/python3.10/concurrent/futures/thread.py", line 58, in run
    result = self.fn(*self.args, **self.kwargs)
  File "/home/james/Desktop/torchex/movie-users/menv/lib/python3.10/site-packages/wandb/filesync/step_upload.py", line 288, in run_and_notify
    self._do_upload_sync(event)
  File "/home/james/Desktop/torchex/movie-users/menv/lib/python3.10/site-packages/wandb/filesync/step_upload.py", line 330, in _do_upload_sync
    job.run()
  File "/home/james/Desktop/torchex/movie-users/menv/lib/python3.10/site-packages/wandb/filesync/upload_job.py", line 57, in run
    self.push()
  File "/home/james/Desktop/torchex/movie-users/menv/lib/python3.10/site-packages/wandb/filesync/upload_job.py", line 106, in push
    _, upload_headers, result = self._api.upload_urls(project, [self.save_name])
  File "/home/james/Desktop/torchex/movie-users/menv/lib/python3.10/site-packages/wandb/apis/normalize.py", line 73, in wrapper
    raise err
  File "/home/james/Desktop/torchex/movie-users/menv/lib/python3.10/site-packages/wandb/apis/normalize.py", line 41, in wrapper
    return func(*args, **kwargs)
  File "/home/james/Desktop/torchex/movie-users/menv/lib/python3.10/site-packages/wandb/sdk/internal/internal_api.py", line 2384, in upload_urls
    query_result = self.gql(
  File "/home/james/Desktop/torchex/movie-users/menv/lib/python3.10/site-packages/wandb/sdk/internal/internal_api.py", line 341, in gql
    ret = self._retry_gql(
  File "/home/james/Desktop/torchex/movie-users/menv/lib/python3.10/site-packages/wandb/sdk/lib/retry.py", line 147, in __call__
    retry_timedelta_triggered = check_retry_fn(e)
  File "/home/james/Desktop/torchex/movie-users/menv/lib/python3.10/site-packages/wandb/util.py", line 907, in no_retry_auth
    raise CommError(
wandb.errors.CommError: It appears that you do not have permission to access the requested resource. Please reach out to the project owner to grant you access. If you have the correct permissions, verify that there are no issues with your networking setup.(Error 404: Not Found)
2024-03-10 22:48:49,204 DEBUG   HandlerThread:519071 [handler.py:handle_request():146] handle_request: poll_exit
2024-03-10 22:48:49,205 DEBUG   SenderThread:519071 [sender.py:send_request():409] send_request: poll_exit
2024-03-10 22:48:50,205 DEBUG   HandlerThread:519071 [handler.py:handle_request():146] handle_request: poll_exit
2024-03-10 22:48:50,205 DEBUG   SenderThread:519071 [sender.py:send_request():409] send_request: poll_exit
2024-03-10 22:48:50,247 ERROR   wandb-upload_1:519071 [internal_api.py:execute():373] 404 response executing GraphQL.
2024-03-10 22:48:50,247 ERROR   wandb-upload_1:519071 [internal_api.py:execute():374] {"errors":[{"message":"run collaborative filter model/dijeyo47 not found during createRunFiles","path":["createRunFiles"]}],"data":{"createRunFiles":null}}
2024-03-10 22:48:50,247 ERROR   Thread-11 (_thread_body):519071 [step_upload.py:_handle_event():200] Failed to upload file: /home/james/Desktop/torchex/movie-users/wandb/run-20240310_224136-dijeyo47/files/output.log
Traceback (most recent call last):
  File "/home/james/Desktop/torchex/movie-users/menv/lib/python3.10/site-packages/wandb/sdk/lib/retry.py", line 131, in __call__
    result = self._call_fn(*args, **kwargs)
  File "/home/james/Desktop/torchex/movie-users/menv/lib/python3.10/site-packages/wandb/sdk/internal/internal_api.py", line 369, in execute
    return self.client.execute(*args, **kwargs)  # type: ignore
  File "/home/james/Desktop/torchex/movie-users/menv/lib/python3.10/site-packages/wandb/vendor/gql-0.2.0/wandb_gql/client.py", line 52, in execute
    result = self._get_result(document, *args, **kwargs)
  File "/home/james/Desktop/torchex/movie-users/menv/lib/python3.10/site-packages/wandb/vendor/gql-0.2.0/wandb_gql/client.py", line 60, in _get_result
    return self.transport.execute(document, *args, **kwargs)
  File "/home/james/Desktop/torchex/movie-users/menv/lib/python3.10/site-packages/wandb/sdk/lib/gql_request.py", line 59, in execute
    request.raise_for_status()
  File "/home/james/Desktop/torchex/movie-users/menv/lib/python3.10/site-packages/requests/models.py", line 1021, in raise_for_status
    raise HTTPError(http_error_msg, response=self)
requests.exceptions.HTTPError: 404 Client Error: Not Found for url: https://api.wandb.ai/graphql

During handling of the above exception, another exception occurred:

Traceback (most recent call last):
  File "/usr/lib/python3.10/concurrent/futures/thread.py", line 58, in run
    result = self.fn(*self.args, **self.kwargs)
  File "/home/james/Desktop/torchex/movie-users/menv/lib/python3.10/site-packages/wandb/filesync/step_upload.py", line 288, in run_and_notify
    self._do_upload_sync(event)
  File "/home/james/Desktop/torchex/movie-users/menv/lib/python3.10/site-packages/wandb/filesync/step_upload.py", line 330, in _do_upload_sync
    job.run()
  File "/home/james/Desktop/torchex/movie-users/menv/lib/python3.10/site-packages/wandb/filesync/upload_job.py", line 57, in run
    self.push()
  File "/home/james/Desktop/torchex/movie-users/menv/lib/python3.10/site-packages/wandb/filesync/upload_job.py", line 106, in push
    _, upload_headers, result = self._api.upload_urls(project, [self.save_name])
  File "/home/james/Desktop/torchex/movie-users/menv/lib/python3.10/site-packages/wandb/apis/normalize.py", line 73, in wrapper
    raise err
  File "/home/james/Desktop/torchex/movie-users/menv/lib/python3.10/site-packages/wandb/apis/normalize.py", line 41, in wrapper
    return func(*args, **kwargs)
  File "/home/james/Desktop/torchex/movie-users/menv/lib/python3.10/site-packages/wandb/sdk/internal/internal_api.py", line 2384, in upload_urls
    query_result = self.gql(
  File "/home/james/Desktop/torchex/movie-users/menv/lib/python3.10/site-packages/wandb/sdk/internal/internal_api.py", line 341, in gql
    ret = self._retry_gql(
  File "/home/james/Desktop/torchex/movie-users/menv/lib/python3.10/site-packages/wandb/sdk/lib/retry.py", line 147, in __call__
    retry_timedelta_triggered = check_retry_fn(e)
  File "/home/james/Desktop/torchex/movie-users/menv/lib/python3.10/site-packages/wandb/util.py", line 907, in no_retry_auth
    raise CommError(
wandb.errors.CommError: It appears that you do not have permission to access the requested resource. Please reach out to the project owner to grant you access. If you have the correct permissions, verify that there are no issues with your networking setup.(Error 404: Not Found)
2024-03-10 22:48:50,448 INFO    Thread-11 (_thread_body):519071 [sender.py:transition_state():617] send defer: 11
2024-03-10 22:48:50,448 DEBUG   HandlerThread:519071 [handler.py:handle_request():146] handle_request: defer
2024-03-10 22:48:50,448 INFO    HandlerThread:519071 [handler.py:handle_request_defer():172] handle defer: 11
2024-03-10 22:48:50,449 DEBUG   SenderThread:519071 [sender.py:send_request():409] send_request: defer
2024-03-10 22:48:50,449 INFO    SenderThread:519071 [sender.py:send_request_defer():613] handle sender defer: 11
2024-03-10 22:48:50,449 INFO    SenderThread:519071 [file_pusher.py:join():178] waiting for file pusher
2024-03-10 22:48:50,449 INFO    SenderThread:519071 [sender.py:transition_state():617] send defer: 12
2024-03-10 22:48:50,449 DEBUG   HandlerThread:519071 [handler.py:handle_request():146] handle_request: defer
2024-03-10 22:48:50,450 INFO    HandlerThread:519071 [handler.py:handle_request_defer():172] handle defer: 12
2024-03-10 22:48:50,450 DEBUG   SenderThread:519071 [sender.py:send_request():409] send_request: defer
2024-03-10 22:48:50,450 INFO    SenderThread:519071 [sender.py:send_request_defer():613] handle sender defer: 12
2024-03-10 22:48:50,450 INFO    SenderThread:519071 [file_stream.py:finish():595] file stream finish called
2024-03-10 22:48:50,578 ERROR   FileStreamThread:519071 [file_stream.py:_handle_response():504] dropped chunk 404 Client Error: Not Found for url: https://api.wandb.ai/files/jcrich/collaborative%20filter%20model/dijeyo47/file_stream
NoneType: None
2024-03-10 22:48:50,701 INFO    SenderThread:519071 [file_stream.py:finish():599] file stream finish is done
2024-03-10 22:48:50,701 INFO    SenderThread:519071 [sender.py:transition_state():617] send defer: 13
2024-03-10 22:48:50,701 DEBUG   HandlerThread:519071 [handler.py:handle_request():146] handle_request: defer
2024-03-10 22:48:50,701 INFO    HandlerThread:519071 [handler.py:handle_request_defer():172] handle defer: 13
2024-03-10 22:48:50,702 DEBUG   SenderThread:519071 [sender.py:send_request():409] send_request: defer
2024-03-10 22:48:50,702 INFO    SenderThread:519071 [sender.py:send_request_defer():613] handle sender defer: 13
2024-03-10 22:48:50,702 INFO    SenderThread:519071 [sender.py:transition_state():617] send defer: 14
2024-03-10 22:48:50,702 DEBUG   HandlerThread:519071 [handler.py:handle_request():146] handle_request: defer
2024-03-10 22:48:50,702 INFO    HandlerThread:519071 [handler.py:handle_request_defer():172] handle defer: 14
2024-03-10 22:48:50,702 DEBUG   SenderThread:519071 [sender.py:send():382] send: final
2024-03-10 22:48:50,702 DEBUG   SenderThread:519071 [sender.py:send():382] send: footer
2024-03-10 22:48:50,702 DEBUG   SenderThread:519071 [sender.py:send_request():409] send_request: defer
2024-03-10 22:48:50,702 INFO    SenderThread:519071 [sender.py:send_request_defer():613] handle sender defer: 14
2024-03-10 22:48:50,703 DEBUG   HandlerThread:519071 [handler.py:handle_request():146] handle_request: poll_exit
2024-03-10 22:48:50,703 DEBUG   SenderThread:519071 [sender.py:send_request():409] send_request: poll_exit
2024-03-10 22:48:50,703 DEBUG   HandlerThread:519071 [handler.py:handle_request():146] handle_request: poll_exit
2024-03-10 22:48:50,703 DEBUG   HandlerThread:519071 [handler.py:handle_request():146] handle_request: server_info
2024-03-10 22:48:50,703 DEBUG   SenderThread:519071 [sender.py:send_request():409] send_request: poll_exit
2024-03-10 22:48:50,704 DEBUG   HandlerThread:519071 [handler.py:handle_request():146] handle_request: get_summary
2024-03-10 22:48:50,704 DEBUG   SenderThread:519071 [sender.py:send_request():409] send_request: server_info
2024-03-10 22:48:50,705 DEBUG   HandlerThread:519071 [handler.py:handle_request():146] handle_request: sampled_history
2024-03-10 22:48:50,705 DEBUG   HandlerThread:519071 [handler.py:handle_request():146] handle_request: internal_messages
2024-03-10 22:48:50,705 DEBUG   HandlerThread:519071 [handler.py:handle_request():146] handle_request: job_info
2024-03-10 22:48:50,715 WARNING StreamThr :519071 [internal.py:is_dead():414] Internal process exiting, parent pid 518990 disappeared
2024-03-10 22:48:50,715 ERROR   StreamThr :519071 [internal.py:wandb_internal():152] Internal process shutdown.
2024-03-10 22:48:50,834 INFO    SenderThread:519071 [sender.py:finish():1572] shutting down sender
2024-03-10 22:48:50,834 INFO    SenderThread:519071 [file_pusher.py:finish():172] shutting down file pusher
2024-03-10 22:48:50,834 INFO    SenderThread:519071 [file_pusher.py:join():178] waiting for file pusher
2024-03-10 22:48:51,706 INFO    HandlerThread:519071 [handler.py:finish():869] shutting down handler
2024-03-10 22:48:51,706 INFO    WriterThread:519071 [datastore.py:close():296] close: /home/james/Desktop/torchex/movie-users/wandb/run-20240310_224136-dijeyo47/run-dijeyo47.wandb
